android/app/build/intermediates/manifest_merge_blame_file/debug/manifest-merger-blame-debug-report.txt
1<?xml version="1.0" encoding="utf-8"?>
2<manifest xmlns:android="http://schemas.android.com/apk/res/android"
3    package="com.cat.qflowlogin.app"
4    android:versionCode="13"
5    android:versionName="1.3.3" >
6
7    <uses-sdk
8        android:minSdkVersion="21"
9        android:targetSdkVersion="31" />
10
11    <uses-permission android:name="android.permission.SYSTEM_ALERT_WINDOW" />
11-->src/debug/AndroidManifest.xml:5:5-77
11-->src/debug/AndroidManifest.xml:5:22-75
12    <uses-permission android:name="android.permission.CAMERA" />
12-->src/main/AndroidManifest.xml:3:3-62
12-->src/main/AndroidManifest.xml:3:20-60
13    <uses-permission android:name="android.permission.INTERNET" /> <!-- 查看网络状态，sdk重连机制等需要使用 -->
13-->src/main/AndroidManifest.xml:4:3-64
13-->src/main/AndroidManifest.xml:4:20-62
14    <uses-permission android:name="android.permission.ACCESS_NETWORK_STATE" /> <!-- 适配Android 13，应用弹出通知必须权限 -->
14-->src/main/AndroidManifest.xml:6:3-77
14-->src/main/AndroidManifest.xml:6:20-74
15    <uses-permission android:name="android.permission.POST_NOTIFICATIONS" /> <!-- 添加以下权限声明 -->
15-->src/main/AndroidManifest.xml:8:3-74
15-->src/main/AndroidManifest.xml:8:20-72
16    <uses-permission android:name="android.permission.READ_PHONE_STATE" />
16-->src/main/AndroidManifest.xml:10:3-73
16-->src/main/AndroidManifest.xml:10:20-70
17    <uses-permission android:name="android.permission.ACCESS_WIFI_STATE" />
17-->[com.facebook.flipper:flipper:0.125.0] AndroidManifest.xml:16:5-76
17-->[com.facebook.flipper:flipper:0.125.0] AndroidManifest.xml:16:22-73
18
19    <permission
19-->[:jpush-react-native] AndroidManifest.xml:9:5-11:47
20        android:name="com.cat.qflowlogin.app.permission.JPUSH_MESSAGE"
20-->[:jpush-react-native] AndroidManifest.xml:10:9-65
21        android:protectionLevel="signature" /> <!-- Required -->
21-->[:jpush-react-native] AndroidManifest.xml:11:9-44
22    <uses-permission android:name="com.cat.qflowlogin.app.permission.JPUSH_MESSAGE" /> <!-- 华为角标 -->
22-->[:jpush-react-native] AndroidManifest.xml:13:5-81
22-->[:jpush-react-native] AndroidManifest.xml:13:22-78
23    <uses-permission android:name="com.huawei.android.launcher.permission.CHANGE_BADGE" /> <!-- vivo 角标 -->
23-->[:jpush-react-native] AndroidManifest.xml:18:5-91
23-->[:jpush-react-native] AndroidManifest.xml:18:22-88
24    <uses-permission android:name="com.vivo.notification.permission.BADGE_ICON" /> <!-- honor 角标 -->
24-->[:jpush-react-native] AndroidManifest.xml:20:5-83
24-->[:jpush-react-native] AndroidManifest.xml:20:22-80
25    <uses-permission android:name="com.hihonor.android.launcher.permission.CHANGE_BADGE" /> <!-- 小米 推送必须 -->
25-->[:jpush-react-native] AndroidManifest.xml:22:5-92
25-->[:jpush-react-native] AndroidManifest.xml:22:22-89
26    <uses-permission android:name="android.permission.VIBRATE" /> <!-- Optional. Required for location feature -->
26-->[:jpush-react-native] AndroidManifest.xml:24:5-66
26-->[:jpush-react-native] AndroidManifest.xml:24:22-63
27    <uses-permission android:name="android.permission.ACCESS_COARSE_LOCATION" />
27-->[:jpush-react-native] AndroidManifest.xml:26:5-81
27-->[:jpush-react-native] AndroidManifest.xml:26:22-78
28    <uses-permission android:name="android.permission.ACCESS_FINE_LOCATION" />
28-->[:jpush-react-native] AndroidManifest.xml:27:5-79
28-->[:jpush-react-native] AndroidManifest.xml:27:22-76
29    <uses-permission android:name="android.permission.ACCESS_BACKGROUND_LOCATION" />
29-->[:jpush-react-native] AndroidManifest.xml:28:5-85
29-->[:jpush-react-native] AndroidManifest.xml:28:22-82
30    <uses-permission android:name="android.permission.QUERY_ALL_PACKAGES" />
30-->[:jpush-react-native] AndroidManifest.xml:30:5-77
30-->[:jpush-react-native] AndroidManifest.xml:30:22-74
31    <uses-permission android:name="android.permission.GET_TASKS" />
31-->[:jpush-react-native] AndroidManifest.xml:31:5-68
31-->[:jpush-react-native] AndroidManifest.xml:31:22-65
32    <uses-permission android:name="android.permission.WRITE_EXTERNAL_STORAGE" />
32-->[:jpush-react-native] AndroidManifest.xml:33:5-81
32-->[:jpush-react-native] AndroidManifest.xml:33:22-78
33    <uses-permission android:name="android.permission.READ_EXTERNAL_STORAGE" />
33-->[:jpush-react-native] AndroidManifest.xml:34:5-80
33-->[:jpush-react-native] AndroidManifest.xml:34:22-77
34
35    <queries>
35-->[:expo-file-system] AndroidManifest.xml:14:5-20:15
36
37        <!-- Query open documents -->
38        <intent>
38-->[:expo-file-system] AndroidManifest.xml:17:9-19:18
39            <action android:name="android.intent.action.OPEN_DOCUMENT_TREE" />
39-->[:expo-file-system] AndroidManifest.xml:18:13-79
39-->[:expo-file-system] AndroidManifest.xml:18:21-76
40        </intent>
41        <intent>
41-->[:expo-web-browser] AndroidManifest.xml:10:9-14:18
42
43            <!-- Required for opening tabs if targeting API 30 -->
44            <action android:name="android.support.customtabs.action.CustomTabsService" />
44-->[:expo-web-browser] AndroidManifest.xml:13:13-90
44-->[:expo-web-browser] AndroidManifest.xml:13:21-87
45        </intent>
46        <intent>
46-->[com.huawei.hms:device:6.4.0.302] AndroidManifest.xml:15:9-17:18
47            <action android:name="com.huawei.hms.core.aidlservice" />
47-->[com.huawei.hms:device:6.4.0.302] AndroidManifest.xml:16:13-70
47-->[com.huawei.hms:device:6.4.0.302] AndroidManifest.xml:16:21-67
48        </intent>
49        <intent>
49-->[com.huawei.hms:device:6.4.0.302] AndroidManifest.xml:18:9-20:18
50            <action android:name="com.huawei.hms.core" />
50-->[com.huawei.hms:device:6.4.0.302] AndroidManifest.xml:19:13-58
50-->[com.huawei.hms:device:6.4.0.302] AndroidManifest.xml:19:21-55
51        </intent>
52    </queries>
53
54    <uses-permission android:name="android.permission.USE_FINGERPRINT" />
54-->[:expo-local-authentication] AndroidManifest.xml:9:5-74
54-->[:expo-local-authentication] AndroidManifest.xml:9:22-71
55    <uses-permission android:name="android.permission.USE_BIOMETRIC" />
55-->[:expo-local-authentication] AndroidManifest.xml:10:5-72
55-->[:expo-local-authentication] AndroidManifest.xml:10:22-69
56
57    <uses-feature
57-->[com.google.android:cameraview:1.0.0] AndroidManifest.xml:25:5-27:36
58        android:name="android.hardware.camera"
58-->[com.google.android:cameraview:1.0.0] AndroidManifest.xml:26:9-47
59        android:required="false" />
59-->[com.google.android:cameraview:1.0.0] AndroidManifest.xml:27:9-33
60    <uses-feature
60-->[com.google.android:cameraview:1.0.0] AndroidManifest.xml:28:5-30:36
61        android:name="android.hardware.camera.autofocus"
61-->[com.google.android:cameraview:1.0.0] AndroidManifest.xml:29:9-57
62        android:required="false" />
62-->[com.google.android:cameraview:1.0.0] AndroidManifest.xml:30:9-33
63
64    <permission
64-->[com.huawei.hms:push:6.3.0.304] AndroidManifest.xml:9:5-11:47
65        android:name="com.cat.qflowlogin.app.permission.PROCESS_PUSH_MSG"
65-->[com.huawei.hms:push:6.3.0.304] AndroidManifest.xml:10:9-68
66        android:protectionLevel="signature" /> <!-- PUSH_PROVIDER and PUSH_WRITE_PROVIDER are both provider registered permissions for the notification switch. -->
66-->[com.huawei.hms:push:6.3.0.304] AndroidManifest.xml:11:9-44
67    <!-- The SDK's notification bar switch, EMUI 9.x becomes write to the local sp, sharing the file through the provider to the push-rom, which reads the sp file to get the status of the notification bar switch. -->
68    <permission
68-->[com.huawei.hms:push:6.3.0.304] AndroidManifest.xml:14:5-16:47
69        android:name="com.cat.qflowlogin.app.permission.PUSH_PROVIDER"
69-->[com.huawei.hms:push:6.3.0.304] AndroidManifest.xml:15:9-65
70        android:protectionLevel="signature" />
70-->[com.huawei.hms:push:6.3.0.304] AndroidManifest.xml:16:9-44
71    <permission
71-->[com.huawei.hms:push:6.3.0.304] AndroidManifest.xml:17:5-19:47
72        android:name="com.cat.qflowlogin.app.permission.PUSH_WRITE_PROVIDER"
72-->[com.huawei.hms:push:6.3.0.304] AndroidManifest.xml:18:9-71
73        android:protectionLevel="signature" />
73-->[com.huawei.hms:push:6.3.0.304] AndroidManifest.xml:19:9-44
74
75    <uses-permission android:name="com.cat.qflowlogin.app.permission.PROCESS_PUSH_MSG" />
75-->[com.huawei.hms:push:6.3.0.304] AndroidManifest.xml:21:5-84
75-->[com.huawei.hms:push:6.3.0.304] AndroidManifest.xml:21:22-81
76    <uses-permission android:name="com.cat.qflowlogin.app.permission.PUSH_PROVIDER" />
76-->[com.huawei.hms:push:6.3.0.304] AndroidManifest.xml:22:5-81
76-->[com.huawei.hms:push:6.3.0.304] AndroidManifest.xml:22:22-78
77    <uses-permission android:name="com.meizu.flyme.permission.PUSH" /> <!-- 兼容 Flyme5 的权限配置 -->
77-->[cn.jiguang.sdk.plugin:meizu:4.8.3] AndroidManifest.xml:16:5-71
77-->[cn.jiguang.sdk.plugin:meizu:4.8.3] AndroidManifest.xml:16:22-68
78    <uses-permission android:name="com.meizu.flyme.push.permission.RECEIVE" />
78-->[cn.jiguang.sdk.plugin:meizu:4.8.3] AndroidManifest.xml:20:5-79
78-->[cn.jiguang.sdk.plugin:meizu:4.8.3] AndroidManifest.xml:20:22-76
79
80    <permission
80-->[cn.jiguang.sdk.plugin:meizu:4.8.3] AndroidManifest.xml:22:5-24:47
81        android:name="com.cat.qflowlogin.app.push.permission.MESSAGE"
81-->[cn.jiguang.sdk.plugin:meizu:4.8.3] AndroidManifest.xml:23:9-64
82        android:protectionLevel="signature" />
82-->[cn.jiguang.sdk.plugin:meizu:4.8.3] AndroidManifest.xml:24:9-44
83
84    <uses-permission android:name="com.cat.qflowlogin.app.push.permission.MESSAGE" /> <!-- 兼容 Flyme3 的权限配置 -->
84-->[cn.jiguang.sdk.plugin:meizu:4.8.3] AndroidManifest.xml:26:5-80
84-->[cn.jiguang.sdk.plugin:meizu:4.8.3] AndroidManifest.xml:26:22-77
85    <uses-permission android:name="com.meizu.c2dm.permission.RECEIVE" />
85-->[cn.jiguang.sdk.plugin:meizu:4.8.3] AndroidManifest.xml:28:5-73
85-->[cn.jiguang.sdk.plugin:meizu:4.8.3] AndroidManifest.xml:28:22-70
86
87    <permission
87-->[cn.jiguang.sdk.plugin:meizu:4.8.3] AndroidManifest.xml:30:5-32:47
88        android:name="com.cat.qflowlogin.app.permission.C2D_MESSAGE"
88-->[cn.jiguang.sdk.plugin:meizu:4.8.3] AndroidManifest.xml:31:9-63
89        android:protectionLevel="signature" />
89-->[cn.jiguang.sdk.plugin:meizu:4.8.3] AndroidManifest.xml:32:9-44
90
91    <uses-permission android:name="com.cat.qflowlogin.app.permission.C2D_MESSAGE" />
91-->[cn.jiguang.sdk.plugin:meizu:4.8.3] AndroidManifest.xml:34:5-79
91-->[cn.jiguang.sdk.plugin:meizu:4.8.3] AndroidManifest.xml:34:22-76
92    <uses-permission android:name="com.coloros.mcs.permission.RECIEVE_MCS_MESSAGE" />
92-->[cn.jiguang.sdk.plugin:oppo:4.8.3] AndroidManifest.xml:11:5-86
92-->[cn.jiguang.sdk.plugin:oppo:4.8.3] AndroidManifest.xml:11:22-83
93    <uses-permission android:name="com.heytap.mcs.permission.RECIEVE_MCS_MESSAGE" /> <!-- the following 2 com.xiaomi.mipushdemo should be changed to your package name -->
93-->[cn.jiguang.sdk.plugin:oppo:4.8.3] AndroidManifest.xml:12:5-85
93-->[cn.jiguang.sdk.plugin:oppo:4.8.3] AndroidManifest.xml:12:22-82
94    <permission
94-->[cn.jiguang.sdk.plugin:xiaomi:4.8.3] AndroidManifest.xml:11:5-13:47
95        android:name="com.cat.qflowlogin.app.permission.MIPUSH_RECEIVE"
95-->[cn.jiguang.sdk.plugin:xiaomi:4.8.3] AndroidManifest.xml:12:9-66
96        android:protectionLevel="signature" />
96-->[cn.jiguang.sdk.plugin:xiaomi:4.8.3] AndroidManifest.xml:13:9-44
97
98    <uses-permission android:name="com.cat.qflowlogin.app.permission.MIPUSH_RECEIVE" />
98-->[cn.jiguang.sdk.plugin:xiaomi:4.8.3] AndroidManifest.xml:15:5-82
98-->[cn.jiguang.sdk.plugin:xiaomi:4.8.3] AndroidManifest.xml:15:22-79
99    <uses-permission android:name="com.google.android.finsky.permission.BIND_GET_INSTALL_REFERRER_SERVICE" />
99-->[com.android.installreferrer:installreferrer:1.0] AndroidManifest.xml:9:5-110
99-->[com.android.installreferrer:installreferrer:1.0] AndroidManifest.xml:9:22-107
100
101    <application
101-->src/main/AndroidManifest.xml:11:3-20:17
102        android:name="com.cat.qflowlogin.app.MainApplication"
102-->src/main/AndroidManifest.xml:11:16-47
103        android:allowBackup="false"
103-->src/main/AndroidManifest.xml:11:162-189
104        android:appComponentFactory="androidx.core.app.CoreComponentFactory"
104-->[androidx.core:core:1.6.0] AndroidManifest.xml:24:18-86
105        android:debuggable="true"
106        android:icon="@mipmap/ic_launcher"
106-->src/main/AndroidManifest.xml:11:81-115
107        android:label="@string/app_name"
107-->src/main/AndroidManifest.xml:11:48-80
108        android:roundIcon="@mipmap/ic_launcher_round"
108-->src/main/AndroidManifest.xml:11:116-161
109        android:supportsRtl="true"
109-->[cn.jiguang.sdk.plugin:huawei:4.8.3] AndroidManifest.xml:14:9-35
110        android:theme="@style/AppTheme"
110-->src/main/AndroidManifest.xml:11:190-221
111        android:usesCleartextTraffic="true" >
111-->src/debug/AndroidManifest.xml:8:9-44
112        <activity
112-->src/debug/AndroidManifest.xml:11:9-111
113            android:name="com.facebook.react.devsupport.DevSettingsActivity"
113-->src/debug/AndroidManifest.xml:11:19-83
114            android:exported="false" />
114-->src/debug/AndroidManifest.xml:11:84-108
115
116        <meta-data
117            android:name="JPUSH_APPKEY"
118            android:value="f31e6cdeb347cccfd7542bb0" />
119        <meta-data
120            android:name="JPUSH_CHANNEL"
121            android:value="developer-default" />
122
123        <activity
123-->src/main/AndroidManifest.xml:14:5-19:16
124            android:name="com.cat.qflowlogin.app.MainActivity"
124-->src/main/AndroidManifest.xml:14:15-43
125            android:configChanges="keyboard|keyboardHidden|orientation|screenLayout|screenSize|smallestScreenSize|uiMode"
125-->src/main/AndroidManifest.xml:14:77-186
126            android:exported="true"
126-->src/main/AndroidManifest.xml:14:262-285
127            android:label="@string/app_name"
127-->src/main/AndroidManifest.xml:14:44-76
128            android:launchMode="singleTask"
128-->src/main/AndroidManifest.xml:14:187-218
129            android:windowSoftInputMode="adjustResize" >
129-->src/main/AndroidManifest.xml:14:219-261
130            <intent-filter>
130-->src/main/AndroidManifest.xml:15:7-18:23
131                <action android:name="android.intent.action.MAIN" />
131-->src/main/AndroidManifest.xml:16:9-60
131-->src/main/AndroidManifest.xml:16:17-58
132
133                <category android:name="android.intent.category.LAUNCHER" />
133-->src/main/AndroidManifest.xml:17:9-68
133-->src/main/AndroidManifest.xml:17:19-66
134            </intent-filter>
135        </activity>
136        <activity
136-->[:jpush-react-native] AndroidManifest.xml:37:9-48:20
137            android:name="cn.jpush.android.ui.PopWinActivity"
137-->[:jpush-react-native] AndroidManifest.xml:38:13-62
138            android:exported="true"
138-->[:jpush-react-native] AndroidManifest.xml:39:13-36
139            android:theme="@style/MyDialogStyle" >
139-->[:jpush-react-native] AndroidManifest.xml:40:13-49
140            <intent-filter>
140-->[:jpush-react-native] AndroidManifest.xml:41:13-47:29
141                <category android:name="android.intent.category.DEFAULT" />
141-->[:jpush-react-native] AndroidManifest.xml:42:17-76
141-->[:jpush-react-native] AndroidManifest.xml:42:27-73
142
143                <action android:name="cn.jpush.android.ui.PopWinActivity" />
143-->[:jpush-react-native] AndroidManifest.xml:44:17-77
143-->[:jpush-react-native] AndroidManifest.xml:44:25-74
144
145                <category android:name="com.cat.qflowlogin.app" />
145-->[:jpush-react-native] AndroidManifest.xml:46:17-61
145-->[:jpush-react-native] AndroidManifest.xml:46:27-58
146            </intent-filter>
147        </activity>
148        <activity
148-->[:jpush-react-native] AndroidManifest.xml:49:9-60:20
149            android:name="cn.jpush.android.ui.PushActivity"
149-->[:jpush-react-native] AndroidManifest.xml:50:13-60
150            android:configChanges="orientation|keyboardHidden"
150-->[:jpush-react-native] AndroidManifest.xml:51:13-63
151            android:exported="true"
151-->[:jpush-react-native] AndroidManifest.xml:52:13-36
152            android:theme="@android:style/Theme.NoTitleBar" >
152-->[:jpush-react-native] AndroidManifest.xml:53:13-60
153            <intent-filter>
153-->[:jpush-react-native] AndroidManifest.xml:54:13-59:29
154                <action android:name="cn.jpush.android.ui.PushActivity" />
154-->[:jpush-react-native] AndroidManifest.xml:55:17-75
154-->[:jpush-react-native] AndroidManifest.xml:55:25-72
155
156                <category android:name="android.intent.category.DEFAULT" />
156-->[:jpush-react-native] AndroidManifest.xml:42:17-76
156-->[:jpush-react-native] AndroidManifest.xml:42:27-73
157                <category android:name="com.cat.qflowlogin.app" />
157-->[:jpush-react-native] AndroidManifest.xml:46:17-61
157-->[:jpush-react-native] AndroidManifest.xml:46:27-58
158            </intent-filter>
159        </activity>
160        <activity
160-->[:jpush-react-native] AndroidManifest.xml:61:9-72:20
161            android:name="cn.jpush.android.service.JNotifyActivity"
161-->[:jpush-react-native] AndroidManifest.xml:62:13-68
162            android:exported="true"
162-->[:jpush-react-native] AndroidManifest.xml:63:13-36
163            android:taskAffinity=""
163-->[:jpush-react-native] AndroidManifest.xml:64:13-36
164            android:theme="@style/JPushTheme" >
164-->[:jpush-react-native] AndroidManifest.xml:65:13-46
165            <intent-filter>
165-->[:jpush-react-native] AndroidManifest.xml:66:13-71:29
166                <action android:name="cn.jpush.android.intent.JNotifyActivity" />
166-->[:jpush-react-native] AndroidManifest.xml:67:17-82
166-->[:jpush-react-native] AndroidManifest.xml:67:25-79
167
168                <category android:name="android.intent.category.DEFAULT" /> <!-- Required SDK核心功能 since 4.2.2 -->
168-->[:jpush-react-native] AndroidManifest.xml:42:17-76
168-->[:jpush-react-native] AndroidManifest.xml:42:27-73
169                <category android:name="com.cat.qflowlogin.app" />
169-->[:jpush-react-native] AndroidManifest.xml:46:17-61
169-->[:jpush-react-native] AndroidManifest.xml:46:27-58
170            </intent-filter>
171        </activity>
172
173        <receiver
173-->[:jpush-react-native] AndroidManifest.xml:74:9-83:20
174            android:name="cn.jiguang.plugins.push.receiver.JPushModuleReceiver"
174-->[:jpush-react-native] AndroidManifest.xml:75:13-80
175            android:enabled="true"
175-->[:jpush-react-native] AndroidManifest.xml:76:13-35
176            android:exported="false" >
176-->[:jpush-react-native] AndroidManifest.xml:77:13-37
177            <intent-filter>
177-->[:jpush-react-native] AndroidManifest.xml:78:13-82:29
178                <action android:name="cn.jpush.android.intent.RECEIVE_MESSAGE" />
178-->[:jpush-react-native] AndroidManifest.xml:79:17-82
178-->[:jpush-react-native] AndroidManifest.xml:79:25-79
179
180                <category android:name="com.cat.qflowlogin.app" />
180-->[:jpush-react-native] AndroidManifest.xml:46:17-61
180-->[:jpush-react-native] AndroidManifest.xml:46:27-58
181            </intent-filter>
182        </receiver>
183        <receiver
183-->[:jpush-react-native] AndroidManifest.xml:84:9-93:20
184            android:name="cn.jiguang.plugins.push.receiver.JPushBroadcastReceiver"
184-->[:jpush-react-native] AndroidManifest.xml:85:13-83
185            android:enabled="true"
185-->[:jpush-react-native] AndroidManifest.xml:86:13-35
186            android:exported="false" >
186-->[:jpush-react-native] AndroidManifest.xml:87:13-37
187            <intent-filter>
187-->[:jpush-react-native] AndroidManifest.xml:88:13-92:29
188                <action android:name="cn.jpush.android.intent.NOTIFICATION_OPENED" />
188-->[:jpush-react-native] AndroidManifest.xml:89:17-86
188-->[:jpush-react-native] AndroidManifest.xml:89:25-83
189
190                <category android:name="com.cat.qflowlogin.app" />
190-->[:jpush-react-native] AndroidManifest.xml:46:17-61
190-->[:jpush-react-native] AndroidManifest.xml:46:27-58
191            </intent-filter>
192        </receiver>
193        <receiver
193-->[:jpush-react-native] AndroidManifest.xml:94:9-96:40
194            android:name="cn.jpush.android.service.SchedulerReceiver"
194-->[:jpush-react-native] AndroidManifest.xml:95:13-70
195            android:exported="false" /> <!-- since 4.6.0 Required SDK核心功能 -->
195-->[:jpush-react-native] AndroidManifest.xml:96:13-37
196        <activity
196-->[:jpush-react-native] AndroidManifest.xml:98:9-109:20
197            android:name="cn.android.service.JTransitActivity"
197-->[:jpush-react-native] AndroidManifest.xml:99:13-63
198            android:exported="true"
198-->[:jpush-react-native] AndroidManifest.xml:100:13-36
199            android:taskAffinity=""
199-->[:jpush-react-native] AndroidManifest.xml:101:13-36
200            android:theme="@style/JPushTheme" >
200-->[:jpush-react-native] AndroidManifest.xml:102:13-46
201            <intent-filter>
201-->[:jpush-react-native] AndroidManifest.xml:103:13-108:29
202                <action android:name="cn.android.service.JTransitActivity" />
202-->[:jpush-react-native] AndroidManifest.xml:104:17-78
202-->[:jpush-react-native] AndroidManifest.xml:104:25-75
203
204                <category android:name="android.intent.category.DEFAULT" />
204-->[:jpush-react-native] AndroidManifest.xml:42:17-76
204-->[:jpush-react-native] AndroidManifest.xml:42:27-73
205                <category android:name="com.cat.qflowlogin.app" />
205-->[:jpush-react-native] AndroidManifest.xml:46:17-61
205-->[:jpush-react-native] AndroidManifest.xml:46:27-58
206            </intent-filter>
207        </activity>
208        <activity
208-->[:jpush-react-native] AndroidManifest.xml:110:9-121:20
209            android:name="cn.jpush.android.service.DActivity"
209-->[:jpush-react-native] AndroidManifest.xml:111:13-62
210            android:enabled="true"
210-->[:jpush-react-native] AndroidManifest.xml:112:13-35
211            android:exported="true"
211-->[:jpush-react-native] AndroidManifest.xml:113:13-36
212            android:taskAffinity=""
212-->[:jpush-react-native] AndroidManifest.xml:114:13-36
213            android:theme="@android:style/Theme.Translucent.NoTitleBar" >
213-->[:jpush-react-native] AndroidManifest.xml:115:13-72
214            <intent-filter>
214-->[:jpush-react-native] AndroidManifest.xml:116:13-120:29
215                <action android:name="cn.jpush.android.intent.DActivity" />
215-->[:jpush-react-native] AndroidManifest.xml:117:17-76
215-->[:jpush-react-native] AndroidManifest.xml:117:25-73
216
217                <category android:name="com.cat.qflowlogin.app" />
217-->[:jpush-react-native] AndroidManifest.xml:46:17-61
217-->[:jpush-react-native] AndroidManifest.xml:46:27-58
218            </intent-filter>
219        </activity>
220
221        <provider
221-->[:jpush-react-native] AndroidManifest.xml:123:9-126:40
222            android:name="cn.jpush.android.service.InitProvider"
222-->[:jpush-react-native] AndroidManifest.xml:124:13-65
223            android:authorities="com.cat.qflowlogin.app.jiguang.InitProvider"
223-->[:jpush-react-native] AndroidManifest.xml:125:13-72
224            android:exported="false" />
224-->[:jpush-react-native] AndroidManifest.xml:126:13-37
225
226        <receiver
226-->[:jcore-react-native] AndroidManifest.xml:10:9-12:40
227            android:name="cn.jpush.android.service.AlarmReceiver"
227-->[:jcore-react-native] AndroidManifest.xml:11:13-66
228            android:exported="false" />
228-->[:jcore-react-native] AndroidManifest.xml:12:13-37
229        <receiver
229-->[:jcore-react-native] AndroidManifest.xml:13:9-22:20
230            android:name="cn.jpush.android.service.PushReceiver"
230-->[:jcore-react-native] AndroidManifest.xml:14:13-65
231            android:enabled="true"
231-->[:jcore-react-native] AndroidManifest.xml:15:13-35
232            android:exported="false" >
232-->[:jcore-react-native] AndroidManifest.xml:16:13-37
233            <intent-filter android:priority="1000" >
233-->[:jcore-react-native] AndroidManifest.xml:17:13-21:29
233-->[:jcore-react-native] AndroidManifest.xml:17:28-51
234                <action android:name="cn.jpush.android.intent.NOTIFICATION_RECEIVED_PROXY" />
234-->[:jcore-react-native] AndroidManifest.xml:18:17-94
234-->[:jcore-react-native] AndroidManifest.xml:18:25-91
235
236                <category android:name="com.cat.qflowlogin.app" />
236-->[:jpush-react-native] AndroidManifest.xml:46:17-61
236-->[:jpush-react-native] AndroidManifest.xml:46:27-58
237            </intent-filter>
238        </receiver>
239
240        <service
240-->[:jcore-react-native] AndroidManifest.xml:24:9-33:19
241            android:name="cn.jpush.android.service.PushService"
241-->[:jcore-react-native] AndroidManifest.xml:25:13-64
242            android:exported="false" >
242-->[:jcore-react-native] AndroidManifest.xml:26:13-37
243            <intent-filter>
243-->[:jcore-react-native] AndroidManifest.xml:27:13-32:29
244                <action android:name="cn.jpush.android.intent.REGISTER" />
244-->[:jcore-react-native] AndroidManifest.xml:28:17-75
244-->[:jcore-react-native] AndroidManifest.xml:28:25-72
245                <action android:name="cn.jpush.android.intent.REPORT" />
245-->[:jcore-react-native] AndroidManifest.xml:29:17-73
245-->[:jcore-react-native] AndroidManifest.xml:29:25-70
246                <action android:name="cn.jpush.android.intent.PushService" />
246-->[:jcore-react-native] AndroidManifest.xml:30:17-78
246-->[:jcore-react-native] AndroidManifest.xml:30:25-75
247                <action android:name="cn.jpush.android.intent.PUSH_TIME" />
247-->[:jcore-react-native] AndroidManifest.xml:31:17-76
247-->[:jcore-react-native] AndroidManifest.xml:31:25-73
248            </intent-filter>
249        </service>
250        <service
250-->[:jcore-react-native] AndroidManifest.xml:34:9-40:19
251            android:name="cn.jiguang.plugins.service.JCoreModuleService"
251-->[:jcore-react-native] AndroidManifest.xml:35:13-73
252            android:exported="true" >
252-->[:jcore-react-native] AndroidManifest.xml:36:13-36
253            <intent-filter>
253-->[:jcore-react-native] AndroidManifest.xml:37:13-39:29
254                <action android:name="cn.jiguang.user.service.action" />
254-->[:jcore-react-native] AndroidManifest.xml:38:17-73
254-->[:jcore-react-native] AndroidManifest.xml:38:25-70
255            </intent-filter>
256        </service>
257
258        <provider
258-->[:react-native-webview] AndroidManifest.xml:10:9-18:20
259            android:name="com.reactnativecommunity.webview.RNCWebViewFileProvider"
259-->[:react-native-webview] AndroidManifest.xml:11:13-83
260            android:authorities="com.cat.qflowlogin.app.fileprovider"
260-->[:react-native-webview] AndroidManifest.xml:12:13-64
261            android:exported="false"
261-->[:react-native-webview] AndroidManifest.xml:13:13-37
262            android:grantUriPermissions="true" >
262-->[:react-native-webview] AndroidManifest.xml:14:13-47
263            <meta-data
263-->[:react-native-webview] AndroidManifest.xml:15:13-17:63
264                android:name="android.support.FILE_PROVIDER_PATHS"
264-->[:react-native-webview] AndroidManifest.xml:16:17-67
265                android:resource="@xml/file_provider_paths" />
265-->[:react-native-webview] AndroidManifest.xml:17:17-60
266        </provider>
267        <provider
267-->[:expo-file-system] AndroidManifest.xml:23:9-32:20
268            android:name="expo.modules.filesystem.FileSystemFileProvider"
268-->[:expo-file-system] AndroidManifest.xml:24:13-74
269            android:authorities="com.cat.qflowlogin.app.FileSystemFileProvider"
269-->[:expo-file-system] AndroidManifest.xml:25:13-74
270            android:exported="false"
270-->[:expo-file-system] AndroidManifest.xml:26:13-37
271            android:grantUriPermissions="true" >
271-->[:expo-file-system] AndroidManifest.xml:27:13-47
272            <meta-data
272-->[:react-native-webview] AndroidManifest.xml:15:13-17:63
273                android:name="android.support.FILE_PROVIDER_PATHS"
273-->[:react-native-webview] AndroidManifest.xml:16:17-67
274                android:resource="@xml/file_system_provider_paths" />
274-->[:react-native-webview] AndroidManifest.xml:17:17-60
275        </provider>
276
277        <meta-data
277-->[:expo-modules-core] AndroidManifest.xml:10:9-12:89
278            android:name="org.unimodules.core.AppLoader#react-native-headless"
278-->[:expo-modules-core] AndroidManifest.xml:11:13-79
279            android:value="expo.modules.adapters.react.apploader.RNHeadlessAppLoader" />
279-->[:expo-modules-core] AndroidManifest.xml:12:13-86
280
281        <receiver
281-->[com.huawei.hms:push:6.3.0.304] AndroidManifest.xml:25:9-37:20
282            android:name="com.huawei.hms.support.api.push.PushMsgReceiver"
282-->[com.huawei.hms:push:6.3.0.304] AndroidManifest.xml:26:13-75
283            android:directBootAware="true"
283-->[com.huawei.hms:push:6.3.0.304] AndroidManifest.xml:27:13-43
284            android:exported="true"
284-->[com.huawei.hms:push:6.3.0.304] AndroidManifest.xml:28:13-36
285            android:permission="com.cat.qflowlogin.app.permission.PROCESS_PUSH_MSG" >
285-->[com.huawei.hms:push:6.3.0.304] AndroidManifest.xml:29:13-78
286            <intent-filter>
286-->[com.huawei.hms:push:6.3.0.304] AndroidManifest.xml:30:13-36:29
287
288                <!-- Mandatory, be used to receive notification bar message click event. -->
289                <action android:name="com.huawei.intent.action.PUSH_DELAY_NOTIFY" />
289-->[com.huawei.hms:push:6.3.0.304] AndroidManifest.xml:33:17-85
289-->[com.huawei.hms:push:6.3.0.304] AndroidManifest.xml:33:25-82
290                <!-- Optional, compatible with old huawei phones. -->
291                <action android:name="com.huawei.intent.action.PUSH" />